\BOOKMARK [1][-]{Doc-Start}{Abstract}{}% 1
\BOOKMARK [1][-]{Contents.1}{Contents}{}% 2
\BOOKMARK [1][-]{section*.3}{List of Tables}{}% 3
\BOOKMARK [1][-]{section*.5}{List of Figures}{}% 4
\BOOKMARK [0][-]{chapter.1}{1 Introduction}{}% 5
\BOOKMARK [1][-]{section.1.1}{1.1 Problem statement}{chapter.1}% 6
\BOOKMARK [1][-]{section.1.2}{1.2 Correlation graphs}{chapter.1}% 7
\BOOKMARK [2][-]{subsection.1.2.1}{1.2.1 Pearson's correlation}{section.1.2}% 8
\BOOKMARK [2][-]{subsection.1.2.2}{1.2.2 Spearman's correlation}{section.1.2}% 9
\BOOKMARK [2][-]{subsection.1.2.3}{1.2.3 Kendall's tau}{section.1.2}% 10
\BOOKMARK [2][-]{subsection.1.2.4}{1.2.4 Distance correlation}{section.1.2}% 11
\BOOKMARK [1][-]{section.1.3}{1.3 Portfolio management}{chapter.1}% 12
\BOOKMARK [1][-]{section.1.4}{1.4 Summary}{chapter.1}% 13
\BOOKMARK [0][-]{chapter.2}{2 Visualization System }{}% 14
\BOOKMARK [1][-]{section.2.1}{2.1 Scatterplot characterization}{chapter.2}% 15
\BOOKMARK [2][-]{subsection.2.1.1}{2.1.1 Characteristics of a ``good'' plot}{section.2.1}% 16
\BOOKMARK [2][-]{subsection.2.1.2}{2.1.2 Feature extraction from plot}{section.2.1}% 17
\BOOKMARK [1][-]{section.2.2}{2.2 Active learning \(Stage 1\)}{chapter.2}% 18
\BOOKMARK [2][-]{subsection.2.2.1}{2.2.1 Initialization of active learner}{section.2.2}% 19
\BOOKMARK [2][-]{subsection.2.2.2}{2.2.2 Query selection}{section.2.2}% 20
\BOOKMARK [1][-]{section.2.3}{2.3 Automated plot generation \(Stage 2\)}{chapter.2}% 21
\BOOKMARK [2][-]{subsection.2.3.1}{2.3.1 Decision tree classification of user interests}{section.2.3}% 22
\BOOKMARK [2][-]{subsection.2.3.2}{2.3.2 User interaction with active learning output}{section.2.3}% 23
\BOOKMARK [2][-]{subsection.2.3.3}{2.3.3 System output}{section.2.3}% 24
\BOOKMARK [1][-]{section.2.4}{2.4 Specific focus: AL and GC}{chapter.2}% 25
\BOOKMARK [0][-]{chapter.3}{3 Active learning }{}% 26
\BOOKMARK [1][-]{section.3.1}{3.1 Literature review}{chapter.3}% 27
\BOOKMARK [1][-]{section.3.2}{3.2 Overview of active learning methods}{chapter.3}% 28
\BOOKMARK [2][-]{subsection.3.2.1}{3.2.1 Uncertainty sampling}{section.3.2}% 29
\BOOKMARK [2][-]{subsection.3.2.2}{3.2.2 Query by committee}{section.3.2}% 30
\BOOKMARK [2][-]{subsection.3.2.3}{3.2.3 Query by bagging}{section.3.2}% 31
\BOOKMARK [2][-]{subsection.3.2.4}{3.2.4 Min-max clustering}{section.3.2}% 32
\BOOKMARK [1][-]{section.3.3}{3.3 Simulations}{chapter.3}% 33
\BOOKMARK [0][-]{chapter.4}{4 Graph comparison }{}% 34
\BOOKMARK [1][-]{section.4.1}{4.1 Literature review}{chapter.4}% 35
\BOOKMARK [1][-]{section.4.2}{4.2 Overview of methods}{chapter.4}% 36
\BOOKMARK [2][-]{subsection.4.2.1}{4.2.1 Edge difference}{section.4.2}% 37
\BOOKMARK [2][-]{subsection.4.2.2}{4.2.2 Histogram of edge density}{section.4.2}% 38
\BOOKMARK [2][-]{subsection.4.2.3}{4.2.3 Shortest-path matrix}{section.4.2}% 39
\BOOKMARK [2][-]{subsection.4.2.4}{4.2.4 Graph distance kernel}{section.4.2}% 40
\BOOKMARK [1][-]{section.4.3}{4.3 Examples}{chapter.4}% 41
\BOOKMARK [0][-]{chapter.5}{5 Application and results }{}% 42
\BOOKMARK [1][-]{section.5.1}{5.1 Application of the visualization system}{chapter.5}% 43
\BOOKMARK [1][-]{section.5.2}{5.2 Stock selection methodology}{chapter.5}% 44
\BOOKMARK [1][-]{section.5.3}{5.3 Healthcare stock data}{chapter.5}% 45
\BOOKMARK [1][-]{section.5.4}{5.4 Results}{chapter.5}% 46
\BOOKMARK [0][-]{chapter.6}{6 Conclusion}{}% 47
\BOOKMARK [1][-]{section.6.1}{6.1 Further extensions}{chapter.6}% 48
\BOOKMARK [2][-]{subsection.6.1.1}{6.1.1 Estimator selection}{section.6.1}% 49
\BOOKMARK [2][-]{subsection.6.1.2}{6.1.2 Outlier removal}{section.6.1}% 50
\BOOKMARK [2][-]{subsection.6.1.3}{6.1.3 Graphical models and improved stock selection}{section.6.1}% 51
\BOOKMARK [2][-]{subsection.6.1.4}{6.1.4 Ordering of queried plots}{section.6.1}% 52
\BOOKMARK [2][-]{subsection.6.1.5}{6.1.5 Line-up tests}{section.6.1}% 53
\BOOKMARK [2][-]{subsection.6.1.6}{6.1.6 Edge-weighted graphs}{section.6.1}% 54
\BOOKMARK [2][-]{subsection.6.1.7}{6.1.7 Rejection classification}{section.6.1}% 55
\BOOKMARK [0][-]{appendix.A}{A Implementation Details}{}% 56
\BOOKMARK [1][-]{section.A.1}{A.1 Code for figure 1.1, left}{appendix.A}% 57
\BOOKMARK [1][-]{section.A.2}{A.2 Code for figure 1.1, right}{appendix.A}% 58
\BOOKMARK [1][-]{section.A.3}{A.3 Code for figure 2.2}{appendix.A}% 59
\BOOKMARK [1][-]{section.A.4}{A.4 Uncertainty sampling \(Section 3.2.1\) implementation}{appendix.A}% 60
\BOOKMARK [1][-]{section.A.5}{A.5 Query by committee \(Section 3.2.2\) implementation}{appendix.A}% 61
\BOOKMARK [2][-]{subsection.A.5.1}{A.5.1 Query selection}{section.A.5}% 62
\BOOKMARK [2][-]{subsection.A.5.2}{A.5.2 Pruning}{section.A.5}% 63
\BOOKMARK [1][-]{section.A.6}{A.6 Vote entropy \(Section 3.2.2\) implementation}{appendix.A}% 64
\BOOKMARK [1][-]{section.A.7}{A.7 Query by bagging \(Section 3.2.3\) implementation}{appendix.A}% 65
\BOOKMARK [1][-]{section.A.8}{A.8 Min-max clustering \(Section 3.2.4\) implementation}{appendix.A}% 66
\BOOKMARK [1][-]{section.A.9}{A.9 Simulation \(Section 3.3\) implementation}{appendix.A}% 67
\BOOKMARK [0][-]{section*.9}{Bibliography}{}% 68
